0 info it worked if it ends with ok
1 verbose cli [ '/usr/local/bin/node',
1 verbose cli   '/usr/local/bin/npm',
1 verbose cli   'run',
1 verbose cli   'watch:test' ]
2 info using npm@3.10.5
3 info using node@v6.2.2
4 verbose run-script [ 'prewatch:test', 'watch:test', 'postwatch:test' ]
5 info lifecycle angular2webpack-seed@1.0.0~prewatch:test: angular2webpack-seed@1.0.0
6 silly lifecycle angular2webpack-seed@1.0.0~prewatch:test: no script for prewatch:test, continuing
7 info lifecycle angular2webpack-seed@1.0.0~watch:test: angular2webpack-seed@1.0.0
8 verbose lifecycle angular2webpack-seed@1.0.0~watch:test: unsafe-perm in lifecycle true
9 verbose lifecycle angular2webpack-seed@1.0.0~watch:test: PATH: /usr/local/lib/node_modules/npm/bin/node-gyp-bin:/home/js/WebstormProjects/angular2-webpack-seed/node_modules/.bin:/usr/local/bin:/usr/local/sbin:/usr/local/bin:/usr/sbin:/usr/bin:/sbin:/bin:/usr/games:/usr/local/games
10 verbose lifecycle angular2webpack-seed@1.0.0~watch:test: CWD: /home/js/WebstormProjects/angular2-webpack-seed
11 silly lifecycle angular2webpack-seed@1.0.0~watch:test: Args: [ '-c', 'npm test -- --auto-watch --no-single-run' ]
12 silly lifecycle angular2webpack-seed@1.0.0~watch:test: Returned: code: 1  signal: null
13 info lifecycle angular2webpack-seed@1.0.0~watch:test: Failed to exec watch:test script
14 verbose stack Error: angular2webpack-seed@1.0.0 watch:test: `npm test -- --auto-watch --no-single-run`
14 verbose stack Exit status 1
14 verbose stack     at EventEmitter.<anonymous> (/usr/local/lib/node_modules/npm/lib/utils/lifecycle.js:242:16)
14 verbose stack     at emitTwo (events.js:106:13)
14 verbose stack     at EventEmitter.emit (events.js:191:7)
14 verbose stack     at ChildProcess.<anonymous> (/usr/local/lib/node_modules/npm/lib/utils/spawn.js:40:14)
14 verbose stack     at emitTwo (events.js:106:13)
14 verbose stack     at ChildProcess.emit (events.js:191:7)
14 verbose stack     at maybeClose (internal/child_process.js:852:16)
14 verbose stack     at Process.ChildProcess._handle.onexit (internal/child_process.js:215:5)
15 verbose pkgid angular2webpack-seed@1.0.0
16 verbose cwd /home/js/WebstormProjects/angular2-webpack-seed
17 error Linux 3.19.0-64-generic
18 error argv "/usr/local/bin/node" "/usr/local/bin/npm" "run" "watch:test"
19 error node v6.2.2
20 error npm  v3.10.5
21 error code ELIFECYCLE
22 error angular2webpack-seed@1.0.0 watch:test: `npm test -- --auto-watch --no-single-run`
22 error Exit status 1
23 error Failed at the angular2webpack-seed@1.0.0 watch:test script 'npm test -- --auto-watch --no-single-run'.
23 error Make sure you have the latest version of node.js and npm installed.
23 error If you do, this is most likely a problem with the angular2webpack-seed package,
23 error not with npm itself.
23 error Tell the author that this fails on your system:
23 error     npm test -- --auto-watch --no-single-run
23 error You can get information on how to open an issue for this project with:
23 error     npm bugs angular2webpack-seed
23 error Or if that isn't available, you can get their info via:
23 error     npm owner ls angular2webpack-seed
23 error There is likely additional logging output above.
24 verbose exit [ 1, true ]
